<?xml version="1.0" encoding="UTF-8"?>
<!-- Generated by org.testng.reporters.JUnitXMLReporter -->
<testsuite ignored="0" hostname="Freds-Air.home" failures="0" tests="4" name="New Test" time="75.371" errors="0" timestamp="2024-02-23T16:08:32 EST">
  <testcase classname="test.NewTest1" name="f" time="37.017"/>
  <testcase classname="test.NewTest2" name="f" time="5.032"/>
  <testcase classname="test.NewTest3" name="f" time="22.005"/>
  <testcase classname="test.NewTest4" name="f" time="11.242"/>
</testsuite> <!-- New Test -->
