<?xml version="1.0" encoding="UTF-8"?>
<!-- Generated by org.testng.reporters.JUnitXMLReporter -->
<testsuite ignored="0" hostname="Freds-Air.home" failures="0" tests="4" name="New Test" time="84.114" errors="0" timestamp="2024-02-24T15:13:34 EST">
  <testcase classname="test.NewTest1" name="f" time="41.106"/>
  <testcase classname="test.NewTest2" name="f" time="4.872"/>
  <testcase classname="test.NewTest3" name="f" time="25.727"/>
  <testcase classname="test.NewTest4" name="f" time="12.295"/>
</testsuite> <!-- New Test -->
