<?xml version="1.0" encoding="UTF-8"?>
<!-- Generated by org.testng.reporters.JUnitXMLReporter -->
<testsuite ignored="0" hostname="Freds-Air.home" failures="0" tests="4" name="New Test" time="71.158" errors="0" timestamp="2024-02-27T09:42:53 EST">
  <testcase classname="test.NewTest1" name="f" time="38.725"/>
  <testcase classname="test.NewTest2" name="f" time="5.157"/>
  <testcase classname="test.NewTest3" name="f" time="17.617"/>
  <testcase classname="test.NewTest4" name="f" time="9.57"/>
</testsuite> <!-- New Test -->
