<?xml version="1.0" encoding="UTF-8"?>
<testng-results ignored="0" total="4" passed="4" failed="0" skipped="0">
  <reporter-output>
  </reporter-output>
  <suite started-at="2024-02-24T15:12:10 EST" name="Suite" finished-at="2024-02-24T15:13:34 EST" duration-ms="84114">
    <groups>
    </groups>
    <test started-at="2024-02-24T15:12:10 EST" name="New Test" finished-at="2024-02-24T15:13:34 EST" duration-ms="84114">
      <class name="test.NewTest3">
        <test-method signature="f()[pri:0, instance:test.NewTest3@2cbb3d47]" started-at="2024-02-24T15:12:56 EST" name="f" finished-at="2024-02-24T15:13:22 EST" duration-ms="25727" status="PASS">
          <reporter-output>
          </reporter-output>
        </test-method> <!-- f -->
      </class> <!-- test.NewTest3 -->
      <class name="test.NewTest2">
        <test-method signature="f()[pri:0, instance:test.NewTest2@7fc229ab]" started-at="2024-02-24T15:12:51 EST" name="f" finished-at="2024-02-24T15:12:56 EST" duration-ms="4872" status="PASS">
          <reporter-output>
          </reporter-output>
        </test-method> <!-- f -->
      </class> <!-- test.NewTest2 -->
      <class name="test.NewTest4">
        <test-method signature="f()[pri:0, instance:test.NewTest4@527e5409]" started-at="2024-02-24T15:13:22 EST" name="f" finished-at="2024-02-24T15:13:34 EST" duration-ms="12295" status="PASS">
          <reporter-output>
          </reporter-output>
        </test-method> <!-- f -->
      </class> <!-- test.NewTest4 -->
      <class name="test.NewTest1">
        <test-method signature="f()[pri:0, instance:test.NewTest1@11dc3715]" started-at="2024-02-24T15:12:10 EST" name="f" finished-at="2024-02-24T15:12:51 EST" duration-ms="41106" status="PASS">
          <reporter-output>
          </reporter-output>
        </test-method> <!-- f -->
      </class> <!-- test.NewTest1 -->
    </test> <!-- New Test -->
  </suite> <!-- Suite -->
</testng-results>
