<?xml version="1.0" encoding="UTF-8"?>
<testng-results ignored="0" total="4" passed="4" failed="0" skipped="0">
  <reporter-output>
  </reporter-output>
  <suite started-at="2024-02-23T16:07:16 EST" name="Suite" finished-at="2024-02-23T16:08:32 EST" duration-ms="75371">
    <groups>
    </groups>
    <test started-at="2024-02-23T16:07:16 EST" name="New Test" finished-at="2024-02-23T16:08:32 EST" duration-ms="75371">
      <class name="test.NewTest3">
        <test-method signature="f()[pri:0, instance:test.NewTest3@124c278f]" started-at="2024-02-23T16:07:58 EST" name="f" finished-at="2024-02-23T16:08:20 EST" duration-ms="22005" status="PASS">
          <reporter-output>
          </reporter-output>
        </test-method> <!-- f -->
      </class> <!-- test.NewTest3 -->
      <class name="test.NewTest2">
        <test-method signature="f()[pri:0, instance:test.NewTest2@61dd025]" started-at="2024-02-23T16:07:53 EST" name="f" finished-at="2024-02-23T16:07:58 EST" duration-ms="5032" status="PASS">
          <reporter-output>
          </reporter-output>
        </test-method> <!-- f -->
      </class> <!-- test.NewTest2 -->
      <class name="test.NewTest4">
        <test-method signature="f()[pri:0, instance:test.NewTest4@15b204a1]" started-at="2024-02-23T16:08:20 EST" name="f" finished-at="2024-02-23T16:08:32 EST" duration-ms="11242" status="PASS">
          <reporter-output>
          </reporter-output>
        </test-method> <!-- f -->
      </class> <!-- test.NewTest4 -->
      <class name="test.NewTest1">
        <test-method signature="f()[pri:0, instance:test.NewTest1@65d6b83b]" started-at="2024-02-23T16:07:16 EST" name="f" finished-at="2024-02-23T16:07:53 EST" duration-ms="37017" status="PASS">
          <reporter-output>
          </reporter-output>
        </test-method> <!-- f -->
      </class> <!-- test.NewTest1 -->
    </test> <!-- New Test -->
  </suite> <!-- Suite -->
</testng-results>
